/Users/hunterliao/Library/Python/3.9/lib/python/site-packages/urllib3/__init__.py:35: NotOpenSSLWarning: urllib3 v2 only supports OpenSSL 1.1.1+, currently the 'ssl' module is compiled with 'LibreSSL 2.8.3'. See: https://github.com/urllib3/urllib3/issues/3020
  warnings.warn(

=== Capturing churn demo artifacts ===
  API: https://dev.woodwide.ai
  Training on 168,682 rows
  Uploading dataset historical_customers_train_9c7cf1912eb6...
  Force retrain: new model name churn_prediction_train_9c7cf1912eb6_retrain_27fdd8de
  Training model churn_prediction_train_9c7cf1912eb6_retrain_27fdd8de...
  Running holdout eval inference...
  Eval metrics: AUC 0.681 · lift@10% 1.6x · 15,000 rows
  Running test-set inference...
  At-risk rows: 15,852 (threshold 50%)
  Fetching row explanations for 25 records...
[warning] Row-level explanation results were not available from the API for this job, so the app will continue without them.
  Wrote artifacts -> /Users/hunterliao/Documents/churn-prediction/demo_artifacts/churn

=== Capturing noshow demo artifacts ===
  API: https://dev.woodwide.ai
  Training on 218,530 rows
  Uploading dataset historical_appointments_train_0fd5f895b5e0...
Reusing existing dataset: historical_appointments_train_0fd5f895b5e0
  Force retrain: new model name noshow_prediction_train_0fd5f895b5e0_retrain_b557e38b
  Training model noshow_prediction_train_0fd5f895b5e0_retrain_b557e38b...
  Running holdout eval inference...
  Eval metrics: AUC 0.670 · lift@10% 1.6x · 15,000 rows
  Running test-set inference...
  At-risk rows: 8,893 (threshold 50%)
  Fetching row explanations for 25 records...
[warning] Row-level explanation results were not available from the API for this job, so the app will continue without them.
  Wrote artifacts -> /Users/hunterliao/Documents/churn-prediction/demo_artifacts/noshow
